2014-12-26 22:55:36.228 [NotebookApp] Using existing profile dir: u'/Users/bryan/.ipython/profile_default'
2014-12-26 22:55:36.232 [NotebookApp] Using MathJax from CDN: https://cdn.mathjax.org/mathjax/latest/MathJax.js
2014-12-26 22:55:36.298 [NotebookApp] Serving notebooks from local directory: /Users/bryan/code/github/dbj-ipython
2014-12-26 22:55:36.298 [NotebookApp] 0 active kernels 
2014-12-26 22:55:36.298 [NotebookApp] The IPython Notebook is running at: http://localhost:8888/
2014-12-26 22:55:36.299 [NotebookApp] Use Control-C to stop this server and shut down all kernels (twice to skip confirmation).
2014-12-26 22:55:42.987 [NotebookApp] WARNING | Notebook Project Euler/euler11.ipynb is not trusted
2014-12-26 22:55:43.431 [NotebookApp] Kernel started: 4ebb8f23-49a8-409e-afbe-aa31bcb8bd98
2014-12-26 22:57:34.226 [NotebookApp] WARNING | Notebook Project Euler/euler12.ipynb is not trusted
2014-12-26 22:57:34.434 [NotebookApp] Kernel started: 859454b5-803b-4333-8182-9d05f0c1837f
2014-12-26 22:58:43.831 [NotebookApp] WARNING | Notebook Project Euler/euler8.ipynb is not trusted
2014-12-26 22:58:43.976 [NotebookApp] Kernel started: cafc8dd9-7a45-4e88-9017-76c782ba0f10
2014-12-26 23:03:35.758 [NotebookApp] Creating new notebook in /Project Euler/
2014-12-26 23:03:36.824 [NotebookApp] Kernel started: d5797175-2f9f-482d-900f-7c6f140788db
2014-12-26 23:05:37.394 [NotebookApp] Saving notebook at /Project Euler/Untitled0.ipynb
2014-12-26 23:07:37.378 [NotebookApp] Saving notebook at /Project Euler/Untitled0.ipynb
2014-12-26 23:08:21.609 [NotebookApp] Saving notebook at /Project Euler/euler1.ipynb
2014-12-26 23:08:29.224 [NotebookApp] Creating new notebook in /Project Euler/
2014-12-26 23:08:30.244 [NotebookApp] Kernel started: 67b47ec0-437e-4865-ac7c-29a51a85dcc1
2014-12-26 23:09:36.683 [NotebookApp] Creating new notebook in /Project Euler/
2014-12-26 23:09:37.691 [NotebookApp] Kernel started: a5412997-57d3-4acd-8a5a-d7c034712027
2014-12-26 23:10:30.394 [NotebookApp] Saving notebook at /Project Euler/euler2.ipynb
2014-12-26 23:10:54.489 [NotebookApp] Saving notebook at /Project Euler/euler3.ipynb
2014-12-26 23:11:12.937 [NotebookApp] Creating new notebook in /Project Euler/
2014-12-26 23:11:14.041 [NotebookApp] Kernel started: 8c00f357-80a8-4d2d-8869-a0c8bf0e27f1
2014-12-26 23:12:32.015 [NotebookApp] Creating new notebook in /Project Euler/
2014-12-26 23:12:33.046 [NotebookApp] Kernel started: 99f946dc-a0a0-4643-b07f-ec64d8b42cbb
2014-12-26 23:13:14.393 [NotebookApp] Saving notebook at /Project Euler/euler4.ipynb
2014-12-26 23:13:30.249 [NotebookApp] Creating new notebook in /Project Euler/
2014-12-26 23:13:31.258 [NotebookApp] Kernel started: 4e51db16-3a9e-4975-b57b-0dec970a46eb
2014-12-26 23:14:33.407 [NotebookApp] Saving notebook at /Project Euler/euler5.ipynb
2014-12-26 23:14:52.045 [NotebookApp] Creating new notebook in /Project Euler/
2014-12-26 23:14:53.071 [NotebookApp] Kernel started: 484fca83-95e1-44b9-b86a-702ffe0331d2
2014-12-26 23:15:31.390 [NotebookApp] Saving notebook at /Project Euler/euler6.ipynb
2014-12-26 23:16:53.078 [NotebookApp] Saving notebook at /Project Euler/euler7.ipynb
2014-12-26 23:18:53.374 [NotebookApp] Saving notebook at /Project Euler/euler7.ipynb
2014-12-26 23:19:09.641 [NotebookApp] WARNING | Notebook Project Euler/euler8.ipynb is not trusted
2014-12-26 23:21:10.376 [NotebookApp] Saving notebook at /Project Euler/euler8.ipynb
2014-12-26 23:21:17.372 [NotebookApp] WARNING | Notebook Project Euler/euler9.ipynb is not trusted
2014-12-26 23:21:17.506 [NotebookApp] Kernel started: e3962e88-1be2-43f6-9d31-0fa816f9f0d0
2014-12-26 23:22:00.226 [NotebookApp] Saving notebook at /Project Euler/euler9.ipynb
2014-12-26 23:22:02.038 [NotebookApp] Saving notebook at /Project Euler/euler8.ipynb
2014-12-26 23:22:04.363 [NotebookApp] Saving notebook at /Project Euler/euler7.ipynb
2014-12-26 23:22:22.804 [NotebookApp] Creating new notebook in /Project Euler/
2014-12-26 23:22:23.814 [NotebookApp] Kernel started: 6330e7b0-b5b1-4322-ae83-77428f1f9feb
2014-12-26 23:23:06.387 [NotebookApp] Saving notebook at /Project Euler/euler10.ipynb
2014-12-26 23:23:10.029 [NotebookApp] WARNING | Notebook Project Euler/euler11.ipynb is not trusted
2014-12-26 23:23:33.975 [NotebookApp] Saving notebook at /Project Euler/euler11.ipynb
2014-12-26 23:23:39.172 [NotebookApp] WARNING | Notebook Project Euler/euler12.ipynb is not trusted
2014-12-26 23:25:39.377 [NotebookApp] Saving notebook at /Project Euler/euler12.ipynb
2014-12-26 23:25:40.090 [NotebookApp] Saving notebook at /Project Euler/euler12.ipynb
2014-12-26 23:25:43.375 [NotebookApp] WARNING | Notebook Project Euler/euler469.ipynb is not trusted
2014-12-26 23:25:43.535 [NotebookApp] Kernel started: f61bf20b-cbce-4c9a-aaac-1d505a42b272
2014-12-26 23:26:25.894 [NotebookApp] Saving notebook at /Project Euler/euler469.ipynb
2014-12-26 23:28:42.062 [NotebookApp] Creating new notebook in /Project Euler/
2014-12-26 23:28:43.170 [NotebookApp] Kernel started: e7f8a701-a093-4d32-8417-f2f3d02ba6ce
2014-12-27 14:32:35.318 [NotebookApp] Using existing profile dir: u'/Users/bryan/.ipython/profile_default'
2014-12-27 14:32:35.330 [NotebookApp] Using MathJax from CDN: https://cdn.mathjax.org/mathjax/latest/MathJax.js
2014-12-27 14:32:35.404 [NotebookApp] The port 8888 is already in use, trying another random port.
2014-12-27 14:32:35.404 [NotebookApp] Serving notebooks from local directory: /Users/bryan/code/github/ipython
2014-12-27 14:32:35.404 [NotebookApp] 0 active kernels 
2014-12-27 14:32:35.405 [NotebookApp] The IPython Notebook is running at: http://localhost:8889/
2014-12-27 14:32:35.405 [NotebookApp] Use Control-C to stop this server and shut down all kernels (twice to skip confirmation).
2014-12-27 14:32:39.625 [NotebookApp] WARNING | Notebook /scratchpad.ipynb is not trusted
2014-12-27 14:32:39.976 [NotebookApp] Kernel started: 41bf094b-bea0-4676-af9c-1f53880d933f
2014-12-27 14:34:40.716 [NotebookApp] Saving notebook at /scratchpad.ipynb
2014-12-27 16:55:44.242 [NotebookApp] Saving notebook at /scratchpad.ipynb
2014-12-27 19:53:27.248 [NotebookApp] Saving notebook at /scratchpad.ipynb
2014-12-27 19:55:27.251 [NotebookApp] Saving notebook at /scratchpad.ipynb
2014-12-27 19:57:27.250 [NotebookApp] Saving notebook at /scratchpad.ipynb
2014-12-27 19:59:29.059 [NotebookApp] Saving notebook at /scratchpad.ipynb
2014-12-27 20:01:29.055 [NotebookApp] Saving notebook at /scratchpad.ipynb
2014-12-27 20:03:29.057 [NotebookApp] Saving notebook at /scratchpad.ipynb
2014-12-27 20:05:29.057 [NotebookApp] Saving notebook at /scratchpad.ipynb
2014-12-27 20:07:29.083 [NotebookApp] Saving notebook at /scratchpad.ipynb
2014-12-28 23:01:48.920 [NotebookApp] Using existing profile dir: u'/Users/bryan/.ipython/profile_default'
2014-12-28 23:01:48.933 [NotebookApp] Using MathJax from CDN: https://cdn.mathjax.org/mathjax/latest/MathJax.js
2014-12-28 23:01:49.049 [NotebookApp] The port 8888 is already in use, trying another random port.
2014-12-28 23:01:49.050 [NotebookApp] The port 8889 is already in use, trying another random port.
2014-12-28 23:01:49.051 [NotebookApp] Serving notebooks from local directory: /Users/bryan/code/github/ipython
2014-12-28 23:01:49.051 [NotebookApp] 0 active kernels 
2014-12-28 23:01:49.051 [NotebookApp] The IPython Notebook is running at: http://localhost:8890/
2014-12-28 23:01:49.051 [NotebookApp] Use Control-C to stop this server and shut down all kernels (twice to skip confirmation).
2014-12-28 23:01:58.691 [NotebookApp] Creating new notebook in /a2weather/
2014-12-28 23:02:03.661 [NotebookApp] Kernel started: 0ae942cb-0ff7-4c5f-89a8-d046680a11f6
INFO:tornado.access:302 GET /tree/ (::1) 0.37ms
2014-12-28 23:02:36.941 [NotebookApp] WARNING | Notebook scratch/violinplot.ipynb is not trusted
2014-12-28 23:02:37.235 [NotebookApp] Kernel started: d1dfb827-871d-4480-9004-eb4c2af97a08
2014-12-28 23:04:03.430 [NotebookApp] Saving notebook at /a2weather/Ann Arbor Climate.ipynb
2014-12-28 23:06:04.781 [NotebookApp] Saving notebook at /a2weather/Ann Arbor Climate.ipynb
2014-12-28 23:10:05.260 [NotebookApp] Saving notebook at /a2weather/Ann Arbor Climate.ipynb
2014-12-28 23:12:06.146 [NotebookApp] Saving notebook at /a2weather/Ann Arbor Climate.ipynb
2014-12-28 23:14:06.148 [NotebookApp] Saving notebook at /a2weather/Ann Arbor Climate.ipynb
2014-12-28 23:16:06.150 [NotebookApp] Saving notebook at /a2weather/Ann Arbor Climate.ipynb
2014-12-28 23:18:06.977 [NotebookApp] Saving notebook at /a2weather/Ann Arbor Climate.ipynb
2014-12-28 23:20:06.974 [NotebookApp] Saving notebook at /a2weather/Ann Arbor Climate.ipynb
2014-12-28 23:22:07.191 [NotebookApp] Saving notebook at /a2weather/Ann Arbor Climate.ipynb
2014-12-28 23:24:07.190 [NotebookApp] Saving notebook at /a2weather/Ann Arbor Climate.ipynb
2014-12-28 23:43:45.105 [NotebookApp] Saving notebook at /a2weather/Ann Arbor Climate.ipynb
2014-12-30 21:54:07.107 [NotebookApp] WARNING | Notebook a2weather/weather.ipynb is not trusted
2014-12-30 21:54:07.700 [NotebookApp] Kernel started: aa11b29f-2744-4596-a6a3-851c6b5f7b46
2014-12-30 21:56:09.809 [NotebookApp] Saving notebook at /a2weather/weather.ipynb
2014-12-30 21:58:45.668 [NotebookApp] Kernel interrupted: aa11b29f-2744-4596-a6a3-851c6b5f7b46
2014-12-30 21:58:52.566 [NotebookApp] Kernel interrupted: aa11b29f-2744-4596-a6a3-851c6b5f7b46
2014-12-30 21:59:05.864 [NotebookApp] Kernel shutdown: aa11b29f-2744-4596-a6a3-851c6b5f7b46
2014-12-30 21:59:08.713 [NotebookApp] Kernel started: 1ac08bbf-c2cc-44ec-aa55-70954c54aa6d
2014-12-30 22:01:09.529 [NotebookApp] Saving notebook at /a2weather/weather.ipynb
2014-12-30 22:18:04.971 [NotebookApp] Copying notebook from /a2weather/weather.ipynb to /a2weather/
2014-12-30 22:18:06.567 [NotebookApp] Kernel started: 3fc6fd56-c2cb-4e72-8110-0fc35bfd7670
2014-12-30 22:20:06.595 [NotebookApp] Saving notebook at /a2weather/Michigan Crop Yield Climate Analysis.ipynb
2014-12-30 22:22:06.592 [NotebookApp] Saving notebook at /a2weather/Michigan Crop Yield Climate Analysis.ipynb
2014-12-30 22:24:06.589 [NotebookApp] Saving notebook at /a2weather/Michigan Crop Yield Climate Analysis.ipynb
2014-12-30 22:26:06.592 [NotebookApp] Saving notebook at /a2weather/Michigan Crop Yield Climate Analysis.ipynb
2014-12-30 22:30:06.588 [NotebookApp] Saving notebook at /a2weather/Michigan Crop Yield Climate Analysis.ipynb
2014-12-30 22:32:06.585 [NotebookApp] Saving notebook at /a2weather/Michigan Crop Yield Climate Analysis.ipynb
2014-12-30 22:34:06.602 [NotebookApp] Saving notebook at /a2weather/Michigan Crop Yield Climate Analysis.ipynb
2014-12-30 22:34:48.116 [NotebookApp] Kernel started: 6f1cb1e7-b748-494c-8b3b-a93059750a82
2014-12-30 22:36:06.585 [NotebookApp] Saving notebook at /a2weather/Michigan Crop Yield Climate Analysis.ipynb
2014-12-30 22:38:07.509 [NotebookApp] Saving notebook at /a2weather/Michigan Crop Yield Climate Analysis.ipynb
2014-12-30 22:40:07.513 [NotebookApp] Saving notebook at /a2weather/Michigan Crop Yield Climate Analysis.ipynb
2014-12-30 22:42:07.518 [NotebookApp] Saving notebook at /a2weather/Michigan Crop Yield Climate Analysis.ipynb
2014-12-30 22:44:07.523 [NotebookApp] Saving notebook at /a2weather/Michigan Crop Yield Climate Analysis.ipynb
2014-12-30 22:46:07.575 [NotebookApp] Saving notebook at /a2weather/Michigan Crop Yield Climate Analysis.ipynb
2014-12-30 22:48:07.509 [NotebookApp] Saving notebook at /a2weather/Michigan Crop Yield Climate Analysis.ipynb
2014-12-30 22:50:07.514 [NotebookApp] Saving notebook at /a2weather/Michigan Crop Yield Climate Analysis.ipynb
2014-12-30 22:52:07.498 [NotebookApp] Saving notebook at /a2weather/Michigan Crop Yield Climate Analysis.ipynb
2014-12-30 22:52:38.309 [NotebookApp] WARNING | Notebook scratch/violinplot.ipynb is not trusted
2014-12-30 22:54:07.506 [NotebookApp] Saving notebook at /a2weather/Michigan Crop Yield Climate Analysis.ipynb
2014-12-30 22:56:07.504 [NotebookApp] Saving notebook at /a2weather/Michigan Crop Yield Climate Analysis.ipynb
2014-12-30 23:02:07.510 [NotebookApp] Saving notebook at /a2weather/Michigan Crop Yield Climate Analysis.ipynb
2014-12-30 23:04:07.510 [NotebookApp] Saving notebook at /a2weather/Michigan Crop Yield Climate Analysis.ipynb
2014-12-30 23:41:56.736 [NotebookApp] Saving notebook at /a2weather/Michigan Crop Yield Climate Analysis.ipynb
2014-12-30 23:43:57.745 [NotebookApp] Saving notebook at /a2weather/Michigan Crop Yield Climate Analysis.ipynb
2014-12-30 23:44:28.249 [NotebookApp] WARNING | Notebook scratch/HipsterEffect.ipynb is not trusted
2014-12-30 23:44:28.770 [NotebookApp] Kernel started: fafd5d3a-fd12-4ca0-a83e-3d0573c7e83d
2014-12-30 23:44:36.041 [NotebookApp] WARNING | Notebook scratch/PCA/PCA walkthrough.ipynb is not trusted
2014-12-30 23:44:36.307 [NotebookApp] Kernel started: a60d6e3f-a03d-45f5-a23f-e7f488f344eb
2014-12-30 23:47:57.736 [NotebookApp] Saving notebook at /a2weather/Michigan Crop Yield Climate Analysis.ipynb
2014-12-30 23:49:57.741 [NotebookApp] Saving notebook at /a2weather/Michigan Crop Yield Climate Analysis.ipynb
2014-12-30 23:51:57.732 [NotebookApp] Saving notebook at /a2weather/Michigan Crop Yield Climate Analysis.ipynb
2014-12-30 23:53:57.736 [NotebookApp] Saving notebook at /a2weather/Michigan Crop Yield Climate Analysis.ipynb
2014-12-30 23:55:57.738 [NotebookApp] Saving notebook at /a2weather/Michigan Crop Yield Climate Analysis.ipynb
2014-12-30 23:57:57.739 [NotebookApp] Saving notebook at /a2weather/Michigan Crop Yield Climate Analysis.ipynb
2014-12-30 23:59:57.738 [NotebookApp] Saving notebook at /a2weather/Michigan Crop Yield Climate Analysis.ipynb
2014-12-31 00:01:57.743 [NotebookApp] Saving notebook at /a2weather/Michigan Crop Yield Climate Analysis.ipynb
2014-12-31 00:03:57.739 [NotebookApp] Saving notebook at /a2weather/Michigan Crop Yield Climate Analysis.ipynb
2014-12-31 00:05:57.742 [NotebookApp] Saving notebook at /a2weather/Michigan Crop Yield Climate Analysis.ipynb
2014-12-31 00:07:57.742 [NotebookApp] Saving notebook at /a2weather/Michigan Crop Yield Climate Analysis.ipynb
2014-12-31 00:09:45.068 [NotebookApp] Saving notebook at /a2weather/Michigan Crop Yield Climate Analysis.ipynb
2014-12-31 00:09:57.741 [NotebookApp] Saving notebook at /a2weather/Michigan Crop Yield Climate Analysis.ipynb
2014-12-31 00:11:57.742 [NotebookApp] Saving notebook at /a2weather/Michigan Crop Yield Climate Analysis.ipynb
2014-12-31 00:13:57.743 [NotebookApp] Saving notebook at /a2weather/Michigan Crop Yield Climate Analysis.ipynb
2014-12-31 00:15:57.755 [NotebookApp] Saving notebook at /a2weather/Michigan Crop Yield Climate Analysis.ipynb
2014-12-31 00:19:58.732 [NotebookApp] Saving notebook at /a2weather/Michigan Crop Yield Climate Analysis.ipynb
2014-12-31 00:20:16.590 [NotebookApp] Saving notebook at /a2weather/Michigan Crop Yield Climate Analysis.ipynb
2014-12-31 00:21:58.728 [NotebookApp] Saving notebook at /a2weather/Michigan Crop Yield Climate Analysis.ipynb
2014-12-31 00:23:58.780 [NotebookApp] Saving notebook at /a2weather/Michigan Crop Yield Climate Analysis.ipynb
2014-12-31 00:25:59.726 [NotebookApp] Saving notebook at /a2weather/Michigan Crop Yield Climate Analysis.ipynb
2014-12-31 00:27:59.729 [NotebookApp] Saving notebook at /a2weather/Michigan Crop Yield Climate Analysis.ipynb
2014-12-31 00:34:00.727 [NotebookApp] Saving notebook at /a2weather/Michigan Crop Yield Climate Analysis.ipynb
2014-12-31 00:36:00.725 [NotebookApp] Saving notebook at /a2weather/Michigan Crop Yield Climate Analysis.ipynb
2014-12-31 00:38:00.726 [NotebookApp] Saving notebook at /a2weather/Michigan Crop Yield Climate Analysis.ipynb
2014-12-31 00:40:00.770 [NotebookApp] Saving notebook at /a2weather/Michigan Crop Yield Climate Analysis.ipynb
2014-12-31 00:42:00.729 [NotebookApp] Saving notebook at /a2weather/Michigan Crop Yield Climate Analysis.ipynb
2014-12-31 00:42:48.744 [NotebookApp] Saving notebook at /a2weather/old/weather.ipynb
2014-12-31 00:44:01.717 [NotebookApp] Saving notebook at /a2weather/Michigan Crop Yield Climate Analysis.ipynb
2014-12-31 00:44:49.770 [NotebookApp] Saving notebook at /a2weather/old/weather.ipynb
2014-12-31 00:46:01.722 [NotebookApp] Saving notebook at /a2weather/Michigan Crop Yield Climate Analysis.ipynb
2014-12-31 00:48:01.724 [NotebookApp] Saving notebook at /a2weather/Michigan Crop Yield Climate Analysis.ipynb
2014-12-31 11:10:00.480 [NotebookApp] Saving notebook at /a2weather/Michigan Crop Yield Climate Analysis.ipynb
2014-12-31 11:12:00.474 [NotebookApp] Saving notebook at /a2weather/Michigan Crop Yield Climate Analysis.ipynb
2014-12-31 11:14:00.471 [NotebookApp] Saving notebook at /a2weather/Michigan Crop Yield Climate Analysis.ipynb
2014-12-31 11:16:00.477 [NotebookApp] Saving notebook at /a2weather/Michigan Crop Yield Climate Analysis.ipynb
2014-12-31 11:18:00.476 [NotebookApp] Saving notebook at /a2weather/Michigan Crop Yield Climate Analysis.ipynb
2014-12-31 11:20:00.474 [NotebookApp] Saving notebook at /a2weather/Michigan Crop Yield Climate Analysis.ipynb
2014-12-31 11:22:00.480 [NotebookApp] Saving notebook at /a2weather/Michigan Crop Yield Climate Analysis.ipynb
2014-12-31 11:24:00.480 [NotebookApp] Saving notebook at /a2weather/Michigan Crop Yield Climate Analysis.ipynb
2014-12-31 11:26:00.474 [NotebookApp] Saving notebook at /a2weather/Michigan Crop Yield Climate Analysis.ipynb
2014-12-31 11:28:00.482 [NotebookApp] Saving notebook at /a2weather/Michigan Crop Yield Climate Analysis.ipynb
2014-12-31 11:30:00.481 [NotebookApp] Saving notebook at /a2weather/Michigan Crop Yield Climate Analysis.ipynb
2014-12-31 11:30:43.774 [NotebookApp] Saving notebook at /a2weather/Michigan Crop Yield Climate Analysis.ipynb
2014-12-31 11:31:07.093 [NotebookApp] Kernel interrupted: 3fc6fd56-c2cb-4e72-8110-0fc35bfd7670
2014-12-31 11:32:00.483 [NotebookApp] Saving notebook at /a2weather/Michigan Crop Yield Climate Analysis.ipynb
2014-12-31 11:34:00.485 [NotebookApp] Saving notebook at /a2weather/Michigan Crop Yield Climate Analysis.ipynb
2014-12-31 11:36:00.487 [NotebookApp] Saving notebook at /a2weather/Michigan Crop Yield Climate Analysis.ipynb
2014-12-31 11:38:00.487 [NotebookApp] Saving notebook at /a2weather/Michigan Crop Yield Climate Analysis.ipynb
2014-12-31 11:40:00.489 [NotebookApp] Saving notebook at /a2weather/Michigan Crop Yield Climate Analysis.ipynb
2014-12-31 11:44:00.486 [NotebookApp] Saving notebook at /a2weather/Michigan Crop Yield Climate Analysis.ipynb
2014-12-31 11:46:00.489 [NotebookApp] Saving notebook at /a2weather/Michigan Crop Yield Climate Analysis.ipynb
2014-12-31 11:48:00.489 [NotebookApp] Saving notebook at /a2weather/Michigan Crop Yield Climate Analysis.ipynb
2014-12-31 11:50:00.490 [NotebookApp] Saving notebook at /a2weather/Michigan Crop Yield Climate Analysis.ipynb
2014-12-31 11:52:00.493 [NotebookApp] Saving notebook at /a2weather/Michigan Crop Yield Climate Analysis.ipynb
2014-12-31 11:54:01.466 [NotebookApp] Saving notebook at /a2weather/Michigan Crop Yield Climate Analysis.ipynb
2014-12-31 11:56:01.466 [NotebookApp] Saving notebook at /a2weather/Michigan Crop Yield Climate Analysis.ipynb
2014-12-31 11:58:01.465 [NotebookApp] Saving notebook at /a2weather/Michigan Crop Yield Climate Analysis.ipynb
2014-12-31 12:00:01.466 [NotebookApp] Saving notebook at /a2weather/Michigan Crop Yield Climate Analysis.ipynb
2014-12-31 12:02:01.463 [NotebookApp] Saving notebook at /a2weather/Michigan Crop Yield Climate Analysis.ipynb
2014-12-31 12:04:02.454 [NotebookApp] Saving notebook at /a2weather/Michigan Crop Yield Climate Analysis.ipynb
2014-12-31 12:06:02.465 [NotebookApp] Saving notebook at /a2weather/Michigan Crop Yield Climate Analysis.ipynb
2014-12-31 12:08:02.462 [NotebookApp] Saving notebook at /a2weather/Michigan Crop Yield Climate Analysis.ipynb
2014-12-31 12:10:03.465 [NotebookApp] Saving notebook at /a2weather/Michigan Crop Yield Climate Analysis.ipynb
2014-12-31 12:12:03.461 [NotebookApp] Saving notebook at /a2weather/Michigan Crop Yield Climate Analysis.ipynb
2014-12-31 12:14:03.471 [NotebookApp] Saving notebook at /a2weather/Michigan Crop Yield Climate Analysis.ipynb
2014-12-31 12:22:03.539 [NotebookApp] Saving notebook at /a2weather/Michigan Crop Yield Climate Analysis.ipynb
2014-12-31 12:24:03.504 [NotebookApp] Saving notebook at /a2weather/Michigan Crop Yield Climate Analysis.ipynb
2014-12-31 12:26:04.486 [NotebookApp] Saving notebook at /a2weather/Michigan Crop Yield Climate Analysis.ipynb
2014-12-31 12:28:04.464 [NotebookApp] Saving notebook at /a2weather/Michigan Crop Yield Climate Analysis.ipynb
2014-12-31 12:30:04.460 [NotebookApp] Saving notebook at /a2weather/Michigan Crop Yield Climate Analysis.ipynb
2014-12-31 12:32:04.457 [NotebookApp] Saving notebook at /a2weather/Michigan Crop Yield Climate Analysis.ipynb
2014-12-31 12:34:04.453 [NotebookApp] Saving notebook at /a2weather/Michigan Crop Yield Climate Analysis.ipynb
2014-12-31 12:36:04.451 [NotebookApp] Saving notebook at /a2weather/Michigan Crop Yield Climate Analysis.ipynb
2014-12-31 12:46:03.031 [NotebookApp] Saving notebook at /a2weather/Michigan Crop Yield Climate Analysis.ipynb
2014-12-31 22:45:14.035 [NotebookApp] Saving notebook at /a2weather/Michigan Crop Yield Climate Analysis.ipynb
2015-01-01 18:34:06.326 [NotebookApp] Saving notebook at /a2weather/Michigan Crop Yield Climate Analysis.ipynb
